0 info it worked if it ends with ok
1 verbose cli [ 'C:\\Program Files (x86)\\nodejs\\\\node.exe',
1 verbose cli   'C:\\Program Files (x86)\\nodejs\\node_modules\\npm\\bin\\npm-cli.js',
1 verbose cli   'install',
1 verbose cli   'hiredis' ]
2 info using npm@1.2.14
3 info using node@v0.8.22
4 verbose node symlink C:\Program Files (x86)\nodejs\\node.exe
5 verbose read json E:\Code\doit\package.json
6 verbose read json E:\Code\doit\node_modules\ejs\package.json
7 verbose read json E:\Code\doit\node_modules\express\package.json
8 verbose read json E:\Code\doit\node_modules\redis\package.json
9 verbose from cache E:\Code\doit\package.json
10 verbose readDependencies using package.json deps
11 verbose cache add [ 'hiredis', null ]
12 verbose cache add name=undefined spec="hiredis" args=["hiredis",null]
13 verbose parsed url { pathname: 'hiredis', path: 'hiredis', href: 'hiredis' }
14 silly lockFile 66e3de35-hiredis hiredis
15 verbose lock hiredis C:\Users\wangdawei\AppData\Roaming\npm-cache\66e3de35-hiredis.lock
16 silly lockFile 66e3de35-hiredis hiredis
17 silly lockFile 66e3de35-hiredis hiredis
18 verbose addNamed [ 'hiredis', '' ]
19 verbose addNamed [ null, '' ]
20 silly lockFile dc014615-hiredis hiredis@
21 verbose lock hiredis@ C:\Users\wangdawei\AppData\Roaming\npm-cache\dc014615-hiredis.lock
22 silly addNameRange { name: 'hiredis', range: '', hasData: false }
23 verbose url raw hiredis
24 verbose url resolving [ 'https://registry.npmjs.org/', './hiredis' ]
25 verbose url resolved https://registry.npmjs.org/hiredis
26 info trying registry request attempt 1 at 21:34:21
27 verbose etag "BR7LVK6HD42NN7CC58KAZB6EX"
28 http GET https://registry.npmjs.org/hiredis
29 http 304 https://registry.npmjs.org/hiredis
30 silly registry.get cb [ 304,
30 silly registry.get   { server: 'CouchDB/1.3.1 (Erlang OTP/R15B03)',
30 silly registry.get     etag: '"BR7LVK6HD42NN7CC58KAZB6EX"',
30 silly registry.get     date: 'Wed, 04 Dec 2013 13:34:23 GMT',
30 silly registry.get     'content-length': '0' } ]
31 verbose etag hiredis from cache
32 silly addNameRange number 2 { name: 'hiredis', range: '', hasData: true }
33 silly addNameRange versions [ 'hiredis',
33 silly addNameRange   [ '0.1.0',
33 silly addNameRange     '0.1.1',
33 silly addNameRange     '0.1.2',
33 silly addNameRange     '0.1.3',
33 silly addNameRange     '0.1.4',
33 silly addNameRange     '0.1.5',
33 silly addNameRange     '0.1.6',
33 silly addNameRange     '0.1.8',
33 silly addNameRange     '0.1.9',
33 silly addNameRange     '0.1.10',
33 silly addNameRange     '0.1.12',
33 silly addNameRange     '0.1.13',
33 silly addNameRange     '0.1.14',
33 silly addNameRange     '0.1.15' ] ]
34 verbose addNamed [ 'hiredis', '0.1.15' ]
35 verbose addNamed [ '0.1.15', '0.1.15' ]
36 silly lockFile 7ce4b3b8-hiredis-0-1-15 hiredis@0.1.15
37 verbose lock hiredis@0.1.15 C:\Users\wangdawei\AppData\Roaming\npm-cache\7ce4b3b8-hiredis-0-1-15.lock
38 verbose read json C:\Users\wangdawei\AppData\Roaming\npm-cache\hiredis\0.1.15\package\package.json
39 silly lockFile 7ce4b3b8-hiredis-0-1-15 hiredis@0.1.15
40 silly lockFile 7ce4b3b8-hiredis-0-1-15 hiredis@0.1.15
41 silly lockFile dc014615-hiredis hiredis@
42 silly lockFile dc014615-hiredis hiredis@
43 silly resolved [ { name: 'hiredis',
43 silly resolved     description: 'Wrapper for reply processing code in hiredis',
43 silly resolved     version: '0.1.15',
43 silly resolved     homepage: 'http://github.com/pietern/hiredis-node',
43 silly resolved     author: { name: 'Pieter Noordhuis', email: 'pcnoordhuis@gmail.com' },
43 silly resolved     main: 'hiredis',
43 silly resolved     scripts: { test: 'node test/reader.js', install: 'node-gyp rebuild' },
43 silly resolved     dependencies: { bindings: '*' },
43 silly resolved     engines: { node: '>= 0.6.0' },
43 silly resolved     gypfile: true,
43 silly resolved     readme: '# hiredis-node\n\nNode extension that wraps [hiredis][hiredis].\nBecause Node is already good at doing I/O, hiredis-node only provides\nbindings to the protocol parser.\nThe hiredis protocol parser is faster than JavaScript protocol parsers,\nbut the speedup only becomes noticable for large replies.\nIf you use Redis for simple SET/GET operations, there won\'t be a big\nbenefit to using hiredis.\nIf you use Redis for big SUNION/SINTER/LRANGE/ZRANGE operations, the\nbenefit to using hiredis-node can be significant.\n\n[hiredis]: http://github.com/antirez/hiredis\n\n## Install\n\nInstall with [NPM][npm]:\n\n```\nnpm install hiredis\n```\n\n[npm]: https://npmjs.org/\n\n## Usage\n\nhiredis-node works out of the box with Matt Ranney\'s [node_redis][node_redis].\nThe latter has an optional dependency on hiredis-node, so maybe you\'re\nalready using it without knowing.\n\nAlternatively, you can use it directly:\n\n```javascript\nvar hiredis = require("hiredis"),\n    reader = new hiredis.Reader();\n\n// Data comes in\nreader.feed("$5\\r\\nhello\\r\\n");\n\n// Reply comes out\nreader.get() // => "hello"\n```\n\nInstead of returning strings for bulk payloads, it can also return\nbuffers:\n\n```javascript\nvar hiredis = require("hiredis"),\n    reader = new hiredis.Reader({ return_buffers: true });\n\n// Data comes in\nreader.feed("$5\\r\\nhello\\r\\n");\n\n// Reply comes out\nreader.get() // => <Buffer 68 65 6c 6c 6f>\n```\n\n[node_redis]: http://github.com/mranney/node_redis\n\n## License\n\nThis code is released under the BSD license, after the license of hiredis.\n',
43 silly resolved     readmeFilename: 'README.md',
43 silly resolved     _id: 'hiredis@0.1.15',
43 silly resolved     _from: 'hiredis@' } ]
44 info install hiredis@0.1.15 into E:\Code\doit
45 info installOne hiredis@0.1.15
46 verbose from cache C:\Users\wangdawei\AppData\Roaming\npm-cache\hiredis\0.1.15\package\package.json
47 info E:\Code\doit\node_modules\hiredis unbuild
48 verbose read json E:\Code\doit\node_modules\hiredis\package.json
49 verbose tar unpack C:\Users\wangdawei\AppData\Roaming\npm-cache\hiredis\0.1.15\package.tgz
50 silly lockFile 1177860b-E-Code-doit-node-modules-hiredis E:\Code\doit\node_modules\hiredis
51 verbose lock E:\Code\doit\node_modules\hiredis C:\Users\wangdawei\AppData\Roaming\npm-cache\1177860b-E-Code-doit-node-modules-hiredis.lock
52 silly lockFile 0a242f63-cache-hiredis-0-1-15-package-tgz C:\Users\wangdawei\AppData\Roaming\npm-cache\hiredis\0.1.15\package.tgz
53 verbose lock C:\Users\wangdawei\AppData\Roaming\npm-cache\hiredis\0.1.15\package.tgz C:\Users\wangdawei\AppData\Roaming\npm-cache\0a242f63-cache-hiredis-0-1-15-package-tgz.lock
54 silly gunzTarPerm modes [ '755', '644' ]
55 silly gunzTarPerm extractEntry package.json
56 silly gunzTarPerm modified mode [ 'package.json', 438, 420 ]
57 silly gunzTarPerm extractEntry README.md
58 silly gunzTarPerm modified mode [ 'README.md', 438, 420 ]
59 silly gunzTarPerm extractEntry bench.js
60 silly gunzTarPerm modified mode [ 'bench.js', 438, 420 ]
61 silly gunzTarPerm extractEntry hiredis.js
62 silly gunzTarPerm modified mode [ 'hiredis.js', 438, 420 ]
63 silly gunzTarPerm extractEntry binding.gyp
64 silly gunzTarPerm modified mode [ 'binding.gyp', 438, 420 ]
65 silly gunzTarPerm extractEntry COPYING
66 silly gunzTarPerm modified mode [ 'COPYING', 438, 420 ]
67 silly gunzTarPerm extractEntry deps/hiredis/README.md
68 silly gunzTarPerm modified mode [ 'deps/hiredis/README.md', 438, 420 ]
69 silly gunzTarPerm extractEntry deps/hiredis/example.c
70 silly gunzTarPerm modified mode [ 'deps/hiredis/example.c', 438, 420 ]
71 silly gunzTarPerm extractEntry deps/hiredis/async.h
72 silly gunzTarPerm modified mode [ 'deps/hiredis/async.h', 438, 420 ]
73 silly gunzTarPerm extractEntry deps/hiredis/CHANGELOG.md
74 silly gunzTarPerm modified mode [ 'deps/hiredis/CHANGELOG.md', 438, 420 ]
75 silly gunzTarPerm extractEntry deps/hiredis/COPYING
76 silly gunzTarPerm modified mode [ 'deps/hiredis/COPYING', 438, 420 ]
77 silly gunzTarPerm extractEntry deps/hiredis/dict.c
78 silly gunzTarPerm modified mode [ 'deps/hiredis/dict.c', 438, 420 ]
79 silly gunzTarPerm extractEntry deps/hiredis/dict.h
80 silly gunzTarPerm modified mode [ 'deps/hiredis/dict.h', 438, 420 ]
81 silly gunzTarPerm extractEntry deps/hiredis/example-ae.c
82 silly gunzTarPerm modified mode [ 'deps/hiredis/example-ae.c', 438, 420 ]
83 silly gunzTarPerm extractEntry deps/hiredis/example-libev.c
84 silly gunzTarPerm modified mode [ 'deps/hiredis/example-libev.c', 438, 420 ]
85 silly gunzTarPerm extractEntry deps/hiredis/example-libevent.c
86 silly gunzTarPerm modified mode [ 'deps/hiredis/example-libevent.c', 438, 420 ]
87 silly gunzTarPerm extractEntry deps/hiredis/async.c
88 silly gunzTarPerm modified mode [ 'deps/hiredis/async.c', 438, 420 ]
89 silly gunzTarPerm extractEntry deps/hiredis/fmacros.h
90 silly gunzTarPerm modified mode [ 'deps/hiredis/fmacros.h', 438, 420 ]
91 silly gunzTarPerm extractEntry deps/hiredis/hiredis.c
92 silly gunzTarPerm modified mode [ 'deps/hiredis/hiredis.c', 438, 420 ]
93 silly gunzTarPerm extractEntry deps/hiredis/hiredis.h
94 silly gunzTarPerm modified mode [ 'deps/hiredis/hiredis.h', 438, 420 ]
95 silly gunzTarPerm extractEntry deps/hiredis/Makefile
96 silly gunzTarPerm modified mode [ 'deps/hiredis/Makefile', 438, 420 ]
97 silly gunzTarPerm extractEntry deps/hiredis/net.c
98 silly gunzTarPerm modified mode [ 'deps/hiredis/net.c', 438, 420 ]
99 silly gunzTarPerm extractEntry deps/hiredis/net.h
100 silly gunzTarPerm modified mode [ 'deps/hiredis/net.h', 438, 420 ]
101 silly gunzTarPerm extractEntry deps/hiredis/adapters/ae.h
102 silly gunzTarPerm modified mode [ 'deps/hiredis/adapters/ae.h', 438, 420 ]
103 silly gunzTarPerm extractEntry deps/hiredis/adapters/libev.h
104 silly gunzTarPerm modified mode [ 'deps/hiredis/adapters/libev.h', 438, 420 ]
105 silly gunzTarPerm extractEntry deps/hiredis/adapters/libevent.h
106 silly gunzTarPerm modified mode [ 'deps/hiredis/adapters/libevent.h', 438, 420 ]
107 silly gunzTarPerm extractEntry deps/hiredis/sds.c
108 silly gunzTarPerm modified mode [ 'deps/hiredis/sds.c', 438, 420 ]
109 silly gunzTarPerm extractEntry deps/hiredis/sds.h
110 silly gunzTarPerm modified mode [ 'deps/hiredis/sds.h', 438, 420 ]
111 silly gunzTarPerm extractEntry deps/hiredis/test.c
112 silly gunzTarPerm modified mode [ 'deps/hiredis/test.c', 438, 420 ]
113 silly gunzTarPerm extractEntry deps/hiredis.gyp
114 silly gunzTarPerm modified mode [ 'deps/hiredis.gyp', 438, 420 ]
115 silly gunzTarPerm extractEntry src/hiredis.cc
116 silly gunzTarPerm modified mode [ 'src/hiredis.cc', 438, 420 ]
117 silly gunzTarPerm extractEntry src/reader.cc
118 silly gunzTarPerm modified mode [ 'src/reader.cc', 438, 420 ]
119 silly gunzTarPerm extractEntry src/reader.h
120 silly gunzTarPerm modified mode [ 'src/reader.h', 438, 420 ]
121 silly gunzTarPerm extractEntry test/reader.js
122 silly gunzTarPerm modified mode [ 'test/reader.js', 438, 420 ]
123 verbose read json E:\Code\doit\node_modules\hiredis\package.json
124 silly lockFile 1177860b-E-Code-doit-node-modules-hiredis E:\Code\doit\node_modules\hiredis
125 silly lockFile 1177860b-E-Code-doit-node-modules-hiredis E:\Code\doit\node_modules\hiredis
126 silly lockFile 0a242f63-cache-hiredis-0-1-15-package-tgz C:\Users\wangdawei\AppData\Roaming\npm-cache\hiredis\0.1.15\package.tgz
127 silly lockFile 0a242f63-cache-hiredis-0-1-15-package-tgz C:\Users\wangdawei\AppData\Roaming\npm-cache\hiredis\0.1.15\package.tgz
128 info preinstall hiredis@0.1.15
129 verbose from cache E:\Code\doit\node_modules\hiredis\package.json
130 verbose readDependencies using package.json deps
131 verbose from cache E:\Code\doit\node_modules\hiredis\package.json
132 verbose readDependencies using package.json deps
133 verbose cache add [ 'bindings@*', null ]
134 verbose cache add name=undefined spec="bindings@*" args=["bindings@*",null]
135 verbose parsed url { pathname: 'bindings@*',
135 verbose parsed url   path: 'bindings@*',
135 verbose parsed url   href: 'bindings@*' }
136 verbose cache add name="bindings" spec="*" args=["bindings","*"]
137 verbose parsed url { pathname: '*', path: '*', href: '*' }
138 verbose addNamed [ 'bindings', '*' ]
139 verbose addNamed [ null, '' ]
140 silly lockFile a3858fc2-bindings bindings@*
141 verbose lock bindings@* C:\Users\wangdawei\AppData\Roaming\npm-cache\a3858fc2-bindings.lock
142 silly addNameRange { name: 'bindings', range: '', hasData: false }
143 verbose url raw bindings
144 verbose url resolving [ 'https://registry.npmjs.org/', './bindings' ]
145 verbose url resolved https://registry.npmjs.org/bindings
146 info trying registry request attempt 1 at 21:34:23
147 verbose etag "7T3K5G7IPKYYUOD04UHNCJDA6"
148 http GET https://registry.npmjs.org/bindings
149 http 304 https://registry.npmjs.org/bindings
150 silly registry.get cb [ 304,
150 silly registry.get   { server: 'CouchDB/1.3.1 (Erlang OTP/R15B03)',
150 silly registry.get     etag: '"7T3K5G7IPKYYUOD04UHNCJDA6"',
150 silly registry.get     date: 'Wed, 04 Dec 2013 13:34:25 GMT',
150 silly registry.get     'content-length': '0' } ]
151 verbose etag bindings from cache
152 silly addNameRange number 2 { name: 'bindings', range: '', hasData: true }
153 silly addNameRange versions [ 'bindings',
153 silly addNameRange   [ '0.0.1',
153 silly addNameRange     '0.1.0',
153 silly addNameRange     '0.1.1',
153 silly addNameRange     '0.2.0',
153 silly addNameRange     '0.2.1',
153 silly addNameRange     '0.2.2',
153 silly addNameRange     '0.2.3',
153 silly addNameRange     '0.2.4',
153 silly addNameRange     '0.3.0',
153 silly addNameRange     '0.4.0',
153 silly addNameRange     '1.0.0',
153 silly addNameRange     '1.1.0',
153 silly addNameRange     '1.1.1' ] ]
154 verbose addNamed [ 'bindings', '1.1.1' ]
155 verbose addNamed [ '1.1.1', '1.1.1' ]
156 silly lockFile 52dd60a7-bindings-1-1-1 bindings@1.1.1
157 verbose lock bindings@1.1.1 C:\Users\wangdawei\AppData\Roaming\npm-cache\52dd60a7-bindings-1-1-1.lock
158 verbose read json C:\Users\wangdawei\AppData\Roaming\npm-cache\bindings\1.1.1\package\package.json
159 silly lockFile 52dd60a7-bindings-1-1-1 bindings@1.1.1
160 silly lockFile 52dd60a7-bindings-1-1-1 bindings@1.1.1
161 silly lockFile a3858fc2-bindings bindings@*
162 silly lockFile a3858fc2-bindings bindings@*
163 silly resolved [ { name: 'bindings',
163 silly resolved     description: 'Helper module for loading your native module\'s .node file',
163 silly resolved     keywords: [ 'native', 'addon', 'bindings', 'gyp', 'waf', 'c', 'c++' ],
163 silly resolved     version: '1.1.1',
163 silly resolved     author:
163 silly resolved      { name: 'Nathan Rajlich',
163 silly resolved        email: 'nathan@tootallnate.net',
163 silly resolved        url: 'http://tootallnate.net' },
163 silly resolved     repository:
163 silly resolved      { type: 'git',
163 silly resolved        url: 'git://github.com/TooTallNate/node-bindings.git' },
163 silly resolved     main: './bindings.js',
163 silly resolved     readme: 'node-bindings\n=============\n### Helper module for loading your native module\'s .node file\n\nThis is a helper module for authors of Node.js native addon modules.\nIt is basically the "swiss army knife" of `require()`ing your native module\'s\n`.node` file.\n\nThroughout the course of Node\'s native addon history, addons have ended up being\ncompiled in a variety of different places, depending on which build tool and which\nversion of node was used. To make matters worse, now the _gyp_ build tool can\nproduce either a _Release_ or _Debug_ build, each being built into different\nlocations.\n\nThis module checks _all_ the possible locations that a native addon would be built\nat, and returns the first one that loads successfully.\n\n\nInstallation\n------------\n\nInstall with `npm`:\n\n``` bash\n$ npm install bindings\n```\n\nOr add it to the `"dependencies"` section of your _package.json_ file.\n\n\nExample\n-------\n\n`require()`ing the proper bindings file for the current node version, platform\nand architecture is as simple as:\n\n``` js\nvar bindings = require(\'bindings\')(\'binding.node\')\n\n// Use your bindings defined in your C files\nbindings.your_c_function()\n```\n\n\nNice Error Output\n-----------------\n\nWhen the `.node` file could not be loaded, `node-bindings` throws an Error with\na nice error message telling you exactly what was tried. You can also check the\n`err.tries` Array property.\n\n```\nError: Could not load the bindings file. Tried:\n → /Users/nrajlich/ref/build/binding.node\n → /Users/nrajlich/ref/build/Debug/binding.node\n → /Users/nrajlich/ref/build/Release/binding.node\n → /Users/nrajlich/ref/out/Debug/binding.node\n → /Users/nrajlich/ref/Debug/binding.node\n → /Users/nrajlich/ref/out/Release/binding.node\n → /Users/nrajlich/ref/Release/binding.node\n → /Users/nrajlich/ref/build/default/binding.node\n → /Users/nrajlich/ref/compiled/0.8.2/darwin/x64/binding.node\n    at bindings (/Users/nrajlich/ref/node_modules/bindings/bindings.js:84:13)\n    at Object.<anonymous> (/Users/nrajlich/ref/lib/ref.js:5:47)\n    at Module._compile (module.js:449:26)\n    at Object.Module._extensions..js (module.js:467:10)\n    at Module.load (module.js:356:32)\n    at Function.Module._load (module.js:312:12)\n    ...\n```\n\n\nLicense\n-------\n\n(The MIT License)\n\nCopyright (c) 2012 Nathan Rajlich &lt;nathan@tootallnate.net&gt;\n\nPermission is hereby granted, free of charge, to any person obtaining\na copy of this software and associated documentation files (the\n\'Software\'), to deal in the Software without restriction, including\nwithout limitation the rights to use, copy, modify, merge, publish,\ndistribute, sublicense, and/or sell copies of the Software, and to\npermit persons to whom the Software is furnished to do so, subject to\nthe following conditions:\n\nThe above copyright notice and this permission notice shall be\nincluded in all copies or substantial portions of the Software.\n\nTHE SOFTWARE IS PROVIDED \'AS IS\', WITHOUT WARRANTY OF ANY KIND,\nEXPRESS OR IMPLIED, INCLUDING BUT NOT LIMITED TO THE WARRANTIES OF\nMERCHANTABILITY, FITNESS FOR A PARTICULAR PURPOSE AND NONINFRINGEMENT.\nIN NO EVENT SHALL THE AUTHORS OR COPYRIGHT HOLDERS BE LIABLE FOR ANY\nCLAIM, DAMAGES OR OTHER LIABILITY, WHETHER IN AN ACTION OF CONTRACT,\nTORT OR OTHERWISE, ARISING FROM, OUT OF OR IN CONNECTION WITH THE\nSOFTWARE OR THE USE OR OTHER DEALINGS IN THE SOFTWARE.\n',
163 silly resolved     readmeFilename: 'README.md',
163 silly resolved     _id: 'bindings@1.1.1',
163 silly resolved     _from: 'bindings@*' } ]
164 info install bindings@1.1.1 into E:\Code\doit\node_modules\hiredis
165 info installOne bindings@1.1.1
166 verbose from cache C:\Users\wangdawei\AppData\Roaming\npm-cache\bindings\1.1.1\package\package.json
167 info E:\Code\doit\node_modules\hiredis\node_modules\bindings unbuild
168 verbose read json E:\Code\doit\node_modules\hiredis\node_modules\bindings\package.json
169 verbose tar unpack C:\Users\wangdawei\AppData\Roaming\npm-cache\bindings\1.1.1\package.tgz
170 silly lockFile 67be52d9-es-hiredis-node-modules-bindings E:\Code\doit\node_modules\hiredis\node_modules\bindings
171 verbose lock E:\Code\doit\node_modules\hiredis\node_modules\bindings C:\Users\wangdawei\AppData\Roaming\npm-cache\67be52d9-es-hiredis-node-modules-bindings.lock
172 silly lockFile 7aca0619-cache-bindings-1-1-1-package-tgz C:\Users\wangdawei\AppData\Roaming\npm-cache\bindings\1.1.1\package.tgz
173 verbose lock C:\Users\wangdawei\AppData\Roaming\npm-cache\bindings\1.1.1\package.tgz C:\Users\wangdawei\AppData\Roaming\npm-cache\7aca0619-cache-bindings-1-1-1-package-tgz.lock
174 silly gunzTarPerm modes [ '755', '644' ]
175 silly gunzTarPerm extractEntry package.json
176 silly gunzTarPerm modified mode [ 'package.json', 438, 420 ]
177 silly gunzTarPerm extractEntry README.md
178 silly gunzTarPerm modified mode [ 'README.md', 438, 420 ]
179 silly gunzTarPerm extractEntry bindings.js
180 silly gunzTarPerm modified mode [ 'bindings.js', 438, 420 ]
181 verbose read json E:\Code\doit\node_modules\hiredis\node_modules\bindings\package.json
182 silly lockFile 67be52d9-es-hiredis-node-modules-bindings E:\Code\doit\node_modules\hiredis\node_modules\bindings
183 silly lockFile 67be52d9-es-hiredis-node-modules-bindings E:\Code\doit\node_modules\hiredis\node_modules\bindings
184 silly lockFile 7aca0619-cache-bindings-1-1-1-package-tgz C:\Users\wangdawei\AppData\Roaming\npm-cache\bindings\1.1.1\package.tgz
185 silly lockFile 7aca0619-cache-bindings-1-1-1-package-tgz C:\Users\wangdawei\AppData\Roaming\npm-cache\bindings\1.1.1\package.tgz
186 info preinstall bindings@1.1.1
187 verbose from cache E:\Code\doit\node_modules\hiredis\node_modules\bindings\package.json
188 verbose readDependencies using package.json deps
189 verbose from cache E:\Code\doit\node_modules\hiredis\node_modules\bindings\package.json
190 verbose readDependencies using package.json deps
191 silly resolved []
192 verbose about to build E:\Code\doit\node_modules\hiredis\node_modules\bindings
193 info build E:\Code\doit\node_modules\hiredis\node_modules\bindings
194 verbose from cache E:\Code\doit\node_modules\hiredis\node_modules\bindings\package.json
195 verbose linkStuff [ false,
195 verbose linkStuff   false,
195 verbose linkStuff   false,
195 verbose linkStuff   'E:\\Code\\doit\\node_modules\\hiredis\\node_modules' ]
196 info linkStuff bindings@1.1.1
197 verbose linkBins bindings@1.1.1
198 verbose linkMans bindings@1.1.1
199 verbose rebuildBundles bindings@1.1.1
200 info install bindings@1.1.1
201 info postinstall bindings@1.1.1
202 verbose about to build E:\Code\doit\node_modules\hiredis
203 info build E:\Code\doit\node_modules\hiredis
204 verbose from cache E:\Code\doit\node_modules\hiredis\package.json
205 verbose linkStuff [ false, false, false, 'E:\\Code\\doit\\node_modules' ]
206 info linkStuff hiredis@0.1.15
207 verbose linkBins hiredis@0.1.15
208 verbose linkMans hiredis@0.1.15
209 verbose rebuildBundles hiredis@0.1.15
210 verbose rebuildBundles [ 'bindings' ]
211 info install hiredis@0.1.15
212 verbose unsafe-perm in lifecycle true
213 silly exec cmd "/c" "node-gyp rebuild"
214 silly cmd,/c,node-gyp rebuild,E:\Code\doit\node_modules\hiredis spawning
215 info hiredis@0.1.15 Failed to exec install script
216 info E:\Code\doit\node_modules\hiredis unbuild
217 verbose from cache E:\Code\doit\node_modules\hiredis\package.json
218 info preuninstall hiredis@0.1.15
219 info uninstall hiredis@0.1.15
220 verbose true,E:\Code\doit\node_modules,E:\Code\doit\node_modules unbuild hiredis@0.1.15
221 info postuninstall hiredis@0.1.15
222 error hiredis@0.1.15 install: `node-gyp rebuild`
222 error `cmd "/c" "node-gyp rebuild"` failed with 1
223 error Failed at the hiredis@0.1.15 install script.
223 error This is most likely a problem with the hiredis package,
223 error not with npm itself.
223 error Tell the author that this fails on your system:
223 error     node-gyp rebuild
223 error You can get their info via:
223 error     npm owner ls hiredis
223 error There is likely additional logging output above.
224 error System Windows_NT 6.1.7601
225 error command "C:\\Program Files (x86)\\nodejs\\\\node.exe" "C:\\Program Files (x86)\\nodejs\\node_modules\\npm\\bin\\npm-cli.js" "install" "hiredis"
226 error cwd E:\Code\doit
227 error node -v v0.8.22
228 error npm -v 1.2.14
229 error code ELIFECYCLE
230 verbose exit [ 1, true ]
